<?xml version="1.0" encoding="UTF-8"?>

<beans xmlns="http://www.springframework.org/schema/beans" 
        xmlns:xsi="http://www.w3.org/2001/XMLSchema-instance" 
        xsi:schemaLocation="http://www.springframework.org/schema/beans 
        http://www.springframework.org/schema/beans/spring-beans-3.0.xsd"> 

    <!-- the test application context definition for the jdbc based tests --> 

    <bean id="messageSource" class="org.springframework.context.support.ResourceBundleMessageSource">
        <property name="basename" value="messages"/>
    </bean>
    
    <bean id="viewResolver" class="com.parasoft.parabank.web.TemplateViewResolver">
        <property name="viewClass" value="org.springframework.web.servlet.view.JstlView"></property>
        <property name="prefix" value="/WEB-INF/jsp/"></property>
        <property name="suffix" value=".jsp"></property>        
    </bean>
    
    <bean id="paraBankService" class="com.parasoft.parabank.service.ParaBankServiceImpl">
        <property name="adminManager" ref="adminManager"/>
        <property name="bankManager" ref="bankManager"/>
    </bean>
    
    <bean id="loanProcessorService" class="com.parasoft.parabank.service.LoanProcessorServiceImpl">
        <property name="loanProcessor" ref="loanProvider"/>
        <property name="loanProviderName" value="Test Provider"/>        
    </bean>
    
    <bean id="adminManager" class="com.parasoft.parabank.domain.logic.impl.AdminManagerImpl">
        <property name="adminDao" ref="adminDao"/>
        <property name="jmsListener" ref="jmsListener"/>
    </bean>    
    
    <bean id="bankManager" class="com.parasoft.parabank.domain.logic.impl.BankManagerImpl">
        <property name="accountDao" ref="accountDao"/>
        <property name="customerDao" ref="customerDao"/>
        <property name="positionDao" ref="positionDao"/>
        <property name="transactionDao" ref="transactionDao"/>
        <property name="adminDao" ref="adminDao"/>
        <property name="loanProvider" ref="loanProvider"/>
    </bean>
    
    <bean id="loginController" class="com.parasoft.parabank.web.controller.LoginController">
    	<property name="accessModeController" ref="accessModeController"/>
    </bean>
    
    <bean id="accessModeController" class="com.parasoft.parabank.util.AccessModeController">
		<property name="bankManager" ref="bankManager"/>
		<property name="adminManager" ref="adminManager"/>
    </bean>
    
    <bean id="newsManager" class="com.parasoft.parabank.domain.logic.impl.NewsManagerImpl">
        <property name="newsDao" ref="newsDao"/>
    </bean>
    
    <bean id="stockDataInserter" class="com.parasoft.parabank.dao.jdbc.internal.StockDataInserter">
        <property name="dataSource" ref="dataSource"/>
        <property name="sequenceDao" ref="sequenceDao"/>
    </bean>
    
    <bean id="loanProvider" class="com.parasoft.parabank.domain.logic.impl.ConfigurableLoanProvider">
        <property name="adminManager" ref="adminManager"/>
        <property name="loanProviders">
            <map>
                <entry key="funds">
                    <bean class="com.parasoft.parabank.domain.logic.impl.AvailableFundsLoanProcessor">
                        <property name="adminManager" ref="adminManager"/>
                    </bean>
                </entry>
            </map>
        </property>
        <property name="parameter" value="loanProcessor"/>
    </bean>
    
    <bean id="accountDao" class="com.parasoft.parabank.dao.jdbc.JdbcAccountDao">
        <property name="dataSource" ref="dataSource"/>
        <property name="sequenceDao" ref="sequenceDao"/>
    </bean>
    
    <bean id="adminDao" class="com.parasoft.parabank.dao.jdbc.JdbcAdminDao">
        <property name="dataSource" ref="dataSource"/>
        <property name="inserters">
            <list>
                <ref bean="stockDataInserter"/>
            </list>
        </property>
    </bean>
    
    <bean id="customerDao" class="com.parasoft.parabank.dao.jdbc.JdbcCustomerDao">
        <property name="dataSource" ref="dataSource"/>
        <property name="sequenceDao" ref="sequenceDao"/>
    </bean>

    <bean id="newsDao" class="com.parasoft.parabank.dao.jdbc.JdbcNewsDao">
        <property name="dataSource" ref="dataSource"/>
    </bean>
    
    <bean id="positionDao" class="com.parasoft.parabank.dao.jdbc.JdbcPositionDao">
        <property name="dataSource" ref="dataSource"/>
        <property name="sequenceDao" ref="sequenceDao"/>
    </bean>

    <bean id="sequenceDao" class="com.parasoft.parabank.dao.jdbc.JdbcSequenceDao">
        <property name="dataSource" ref="dataSource"/>
    </bean>
    
    <bean id="transactionDao" class="com.parasoft.parabank.dao.jdbc.JdbcTransactionDao">
        <property name="dataSource" ref="dataSource"/>
        <property name="sequenceDao" ref="sequenceDao"/>
    </bean>
    
    <bean id="jmsListener" class="com.parasoft.parabank.messaging.MockJmsListeningContainer">
        <property name="connectionFactory">
            <bean class="com.parasoft.parabank.messaging.MockConnectionFactory"/>
        </property>
    </bean>
    
    <bean id="jmsLoanProvider" class="com.parasoft.parabank.messaging.JmsLoanProvider">
        <property name="marshaller" ref="jaxb2Marshaller"/>
        <property name="unmarshaller" ref="jaxb2Marshaller"/>
        <property name="requestDestinationName" value="queue.test.request"/>
        <property name="responseDestinationName" value="queue.test.response"/>
    </bean>
       
    <bean id="jmsLoanProcessor" class="com.parasoft.parabank.messaging.JmsLoanProcessor">
        <property name="marshaller" ref="jaxb2Marshaller"/>
        <property name="unmarshaller" ref="jaxb2Marshaller"/>
        <property name="loanProcessor" ref="loanProvider"/>
        <property name="destinationName" value="queue.test.response"/>
    </bean>
    
    <bean id="jmsTemplate" class="org.springframework.jms.core.JmsTemplate">
        <property name="connectionFactory" ref="connectionFactory"/>
    </bean>
    
    <bean id="connectionFactory" class="org.apache.activemq.ActiveMQConnectionFactory">
        <property name="brokerURL" value="tcp://localhost:61616"/>
    </bean>
    
    <bean id="jaxb2Marshaller" class="org.springframework.oxm.jaxb.Jaxb2Marshaller">
        <property name="classesToBeBound">
            <list>
                <value>com.parasoft.parabank.domain.LoanRequest</value>
                <value>com.parasoft.parabank.domain.LoanResponse</value>
            </list>
        </property>
    </bean>
    
    <bean id="hsqldb" class="com.parasoft.parabank.util.ServerBean" lazy-init="false">
        <property name="dataSource" ref="dataSource"/>
        <property name="serverProperties">
            <props>
                <prop key="server.database.0">file:parabank</prop>
                <prop key="server.dbname.0">parabank</prop>
                <prop key="server.silent">true</prop>
            </props>
        </property>
    </bean>

    <bean id="dataSource" class="org.springframework.jdbc.datasource.DriverManagerDataSource">
      <property name="driverClassName" value="${jdbc.driverClassName}"/>
      <property name="url" value="${jdbc.url}"/>
      <property name="username"  value="${jdbc.username}"/>
      <property name="password" value="${jdbc.password}"/>
    </bean>
    
    <bean id="propertyConfigurer" 
          class="org.springframework.beans.factory.config.PropertyPlaceholderConfigurer">
        <property name="locations">
            <list>
                <value>classpath:jdbc.properties</value>
            </list>
        </property>
    </bean>
    
    <bean id="transactionManager" 
          class="org.springframework.jdbc.datasource.DataSourceTransactionManager">
        <property name="dataSource" ref="dataSource" />
    </bean>

</beans>